{"name": "test_search_items[1 result]", "status": "failed", "statusDetails": {"message": "AssertionError: There are no items in results found\nassert False\n +  where False = <bound method HomePage.check_results_exists of <pages.homepage.HomePage object at 0x03B875F8>>()\n +    where <bound method HomePage.check_results_exists of <pages.homepage.HomePage object at 0x03B875F8>> = <pages.homepage.HomePage object at 0x03B875F8>.check_results_exists", "trace": "self = <tests.test_homepage.TestHomePage object at 0x03A9B778>\ns_text = 'Blouse'\n\n    @pytest.mark.runthis\n    @allure.severity(allure.severity_level.NORMAL)\n    @allure.story(\"Проверка возможности искать товар через строку поиска\")  # TODO: запустить только один\n    @pytest.mark.parametrize('s_text', ['Blouse', 'Dress',\n                                        pytest.param('Nothing', marks=pytest.mark.xfail(reason='Searching for nonexistent item'))],\n                             ids=['1 result', 'Multiple results', '0 results'])\n    def test_search_items(self, s_text):\n        \"\"\"Verifying the ability to search items\"\"\"\n        search = HomePage(self.driver)\n        search_text = s_text[1]\n        search.search_by_text(search_text)\n        search.click_search_button()\n>       assert search.check_results_exists(), 'There are no items in results found'\nE       AssertionError: There are no items in results found\nE       assert False\nE        +  where False = <bound method HomePage.check_results_exists of <pages.homepage.HomePage object at 0x03B875F8>>()\nE        +    where <bound method HomePage.check_results_exists of <pages.homepage.HomePage object at 0x03B875F8>> = <pages.homepage.HomePage object at 0x03B875F8>.check_results_exists\n\ntests\\test_homepage.py:34: AssertionError"}, "description": "Verifying the ability to search items", "steps": [{"name": "Набор заданного текста в поле поиска", "status": "passed", "parameters": [{"name": "text", "value": "'l'"}], "start": 1642493052191, "stop": 1642493052521}, {"name": "Клик по кнопке \"Найти\"", "status": "passed", "start": 1642493052526, "stop": 1642493060936}, {"name": "Проверка: поиск выдал результаты", "status": "passed", "start": 1642493060941, "stop": 1642493061085}], "attachments": [{"name": "Screenshot", "source": "ed41144a-f70f-4f2a-83cc-8aa82222b939-attachment.png", "type": "image/png"}, {"name": "stdout", "source": "ca1d8c20-837a-44d8-9d4f-a7b39a959fa9-attachment.txt", "type": "text/plain"}], "parameters": [{"name": "s_text", "value": "'Blouse'"}], "start": 1642493035966, "stop": 1642493061085, "uuid": "e5f409e2-21bd-4bb4-921a-7a1dd9603c10", "historyId": "956e7b12ee8e684f4cfee446d0ab4f1d", "testCaseId": "b0aa3d276e3963406d5b70985f1a05dc", "fullName": "tests.test_homepage.TestHomePage#test_search_items", "labels": [{"name": "feature", "value": "Тесты при взаимодействии с товарами"}, {"name": "story", "value": "Проверка возможности искать товар через строку поиска"}, {"name": "severity", "value": "normal"}, {"name": "tag", "value": "runthis"}, {"name": "tag", "value": "@pytest.mark.usefixtures('web_driver_init')"}, {"name": "parentSuite", "value": "tests"}, {"name": "suite", "value": "test_homepage"}, {"name": "subSuite", "value": "TestHomePage"}, {"name": "host", "value": "ArtemKozlov"}, {"name": "thread", "value": "4136-MainThread"}, {"name": "framework", "value": "pytest"}, {"name": "language", "value": "cpython3"}, {"name": "package", "value": "tests.test_homepage"}]}