{"name": "test_search_items[Multiple results]", "status": "failed", "statusDetails": {"message": "AssertionError: There are no items in results found\nassert False\n +  where False = <bound method HomePage.check_results_exists of <pages.homepage.HomePage object at 0x03CFD790>>()\n +    where <bound method HomePage.check_results_exists of <pages.homepage.HomePage object at 0x03CFD790>> = <pages.homepage.HomePage object at 0x03CFD790>.check_results_exists", "trace": "self = <tests.test_homepage.TestHomePage object at 0x03CFD640>, s_text = 'Dress'\n\n    @pytest.mark.runthis\n    @allure.severity(allure.severity_level.NORMAL)\n    @allure.story(\"Проверка возможности искать товар через строку поиска\")  # TODO: запустить только один\n    @pytest.mark.parametrize('s_text', ['Blouse', 'Dress',\n                                        pytest.param('Nothing', marks=pytest.mark.xfail(reason='Searching for nonexistent item'))],\n                             ids=['1 result', 'Multiple results', '0 results'])\n    def test_search_items(self, s_text):\n        \"\"\"Verifying the ability to search items\"\"\"\n        search = HomePage(self.driver)\n        search_text = s_text[1]\n        search.search_by_text(search_text)\n        search.click_search_button()\n>       assert search.check_results_exists(), 'There are no items in results found'\nE       AssertionError: There are no items in results found\nE       assert False\nE        +  where False = <bound method HomePage.check_results_exists of <pages.homepage.HomePage object at 0x03CFD790>>()\nE        +    where <bound method HomePage.check_results_exists of <pages.homepage.HomePage object at 0x03CFD790>> = <pages.homepage.HomePage object at 0x03CFD790>.check_results_exists\n\ntests\\test_homepage.py:34: AssertionError"}, "description": "Verifying the ability to search items", "steps": [{"name": "Набор заданного текста в поле поиска", "status": "passed", "parameters": [{"name": "text", "value": "'r'"}], "start": 1642493159290, "stop": 1642493159455}, {"name": "Клик по кнопке \"Найти\"", "status": "passed", "start": 1642493159455, "stop": 1642493159625}, {"name": "Проверка: поиск выдал результаты", "status": "passed", "start": 1642493159625, "stop": 1642493165933}], "attachments": [{"name": "Screenshot", "source": "4c7ec07c-a7f7-47ef-92ec-e382037e9f99-attachment.png", "type": "image/png"}], "parameters": [{"name": "s_text", "value": "'Dress'"}], "start": 1642493146955, "stop": 1642493165933, "uuid": "b37fd246-ef2b-402a-a640-b4cab72788aa", "historyId": "d7dff8eb0fbe4a4efc61f12105aa5415", "testCaseId": "b0aa3d276e3963406d5b70985f1a05dc", "fullName": "tests.test_homepage.TestHomePage#test_search_items", "labels": [{"name": "feature", "value": "Тесты при взаимодействии с товарами"}, {"name": "story", "value": "Проверка возможности искать товар через строку поиска"}, {"name": "severity", "value": "normal"}, {"name": "tag", "value": "runthis"}, {"name": "tag", "value": "@pytest.mark.usefixtures('web_driver_init')"}, {"name": "parentSuite", "value": "tests"}, {"name": "suite", "value": "test_homepage"}, {"name": "subSuite", "value": "TestHomePage"}, {"name": "host", "value": "ArtemKozlov"}, {"name": "thread", "value": "4136-MainThread"}, {"name": "framework", "value": "pytest"}, {"name": "language", "value": "cpython3"}, {"name": "package", "value": "tests.test_homepage"}]}