{"name": "test_search_items[0 results]", "status": "skipped", "statusDetails": {"message": "XFAIL Searching for nonexistent item\n\nAssertionError: There are no items in results found\nassert False\n +  where False = <bound method HomePage.check_results_exists of <pages.homepage.HomePage object at 0x03C89E38>>()\n +    where <bound method HomePage.check_results_exists of <pages.homepage.HomePage object at 0x03C89E38>> = <pages.homepage.HomePage object at 0x03C89E38>.check_results_exists", "trace": "self = <tests.test_homepage.TestHomePage object at 0x03CC53A0>\ns_text = 'Nothing'\n\n    @allure.severity(allure.severity_level.NORMAL)\n    @allure.story(\"Проверка возможности искать товар через строку поиска\")  # TODO: запустить только один\n    @pytest.mark.parametrize('s_text', ['Blouse', 'Dress',\n                                        pytest.param('Nothing', marks=pytest.mark.xfail(reason='Searching for nonexistent item'))],\n                             ids=['1 result', 'Multiple results', '0 results'])\n    def test_search_items(self, s_text):\n        \"\"\"Verifying the ability to search items\"\"\"\n        search = HomePage(self.driver)\n        search_text = s_text\n        search.search_by_text(search_text)\n        search.click_search_button()\n>       assert search.check_results_exists(), 'There are no items in results found'\nE       AssertionError: There are no items in results found\nE       assert False\nE        +  where False = <bound method HomePage.check_results_exists of <pages.homepage.HomePage object at 0x03C89E38>>()\nE        +    where <bound method HomePage.check_results_exists of <pages.homepage.HomePage object at 0x03C89E38>> = <pages.homepage.HomePage object at 0x03C89E38>.check_results_exists\n\ntests\\test_homepage.py:34: AssertionError"}, "description": "Verifying the ability to search items", "steps": [{"name": "Набор заданного текста в поле поиска", "status": "passed", "parameters": [{"name": "text", "value": "'Nothing'"}], "start": 1642581796420, "stop": 1642581796517}, {"name": "Клик по кнопке \"Найти\"", "status": "passed", "start": 1642581796517, "stop": 1642581797901}, {"name": "Проверка: поиск выдал результаты", "status": "passed", "start": 1642581797904, "stop": 1642581797969}], "parameters": [{"name": "s_text", "value": "'Nothing'"}], "start": 1642581789855, "stop": 1642581797969, "uuid": "43179b3a-e8fe-43c4-8b46-eb1dd1d2e30e", "historyId": "2c7c12df66ac8db615c79eaedd3218e8", "testCaseId": "b0aa3d276e3963406d5b70985f1a05dc", "fullName": "tests.test_homepage.TestHomePage#test_search_items", "labels": [{"name": "story", "value": "Проверка возможности искать товар через строку поиска"}, {"name": "feature", "value": "Тесты при взаимодействии с товарами"}, {"name": "severity", "value": "normal"}, {"name": "tag", "value": "@pytest.mark.xfail(reason='Searching for nonexistent item')"}, {"name": "tag", "value": "@pytest.mark.usefixtures('web_driver_init')"}, {"name": "parentSuite", "value": "tests"}, {"name": "suite", "value": "test_homepage"}, {"name": "subSuite", "value": "TestHomePage"}, {"name": "host", "value": "ArtemKozlov"}, {"name": "thread", "value": "4940-MainThread"}, {"name": "framework", "value": "pytest"}, {"name": "language", "value": "cpython3"}, {"name": "package", "value": "tests.test_homepage"}]}