{"name": "test_catalog", "status": "failed", "statusDetails": {"message": "AssertionError: There is no product you are searching.\nassert False\n +  where False = <bound method HomePage.find_inside_results of <pages.homepage.HomePage object at 0x03AA66A0>>('090090t-shirt')\n +    where <bound method HomePage.find_inside_results of <pages.homepage.HomePage object at 0x03AA66A0>> = <pages.homepage.HomePage object at 0x03AA66A0>.find_inside_results", "trace": "self = <tests.test_homepage.TestHomePage object at 0x03B6A460>\n\n    @allure.severity(allure.severity_level.MINOR)\n    @pytest.mark.runthis\n    def test_catalog(self):\n        \"\"\"Verifying that products appears in a catalog\"\"\"\n        catalog = HomePage(self.driver)\n        catalog.move_to_women_button()\n        catalog.click_tshirt_button_in_women_droplist()\n>       assert catalog.find_inside_results(\"090090t-shirt\"), 'There is no product you are searching.'\nE       AssertionError: There is no product you are searching.\nE       assert False\nE        +  where False = <bound method HomePage.find_inside_results of <pages.homepage.HomePage object at 0x03AA66A0>>('090090t-shirt')\nE        +    where <bound method HomePage.find_inside_results of <pages.homepage.HomePage object at 0x03AA66A0>> = <pages.homepage.HomePage object at 0x03AA66A0>.find_inside_results\n\ntests\\test_homepage.py:59: AssertionError"}, "description": "Verifying that products appears in a catalog", "steps": [{"name": "Наведение мыши на кнопку \"Woman\" для открытия меню", "status": "passed", "start": 1642158399042, "stop": 1642158399389}, {"name": "Клик по кнопке \"T-shirt\" в контекстном меню", "status": "passed", "start": 1642158399390, "stop": 1642158401440}, {"name": "Проверка: в результатах поиска есть заданный текст", "status": "passed", "parameters": [{"name": "text", "value": "'090090t-shirt'"}], "start": 1642158401440, "stop": 1642158401607}], "attachments": [{"name": "Screenshot", "source": "aba4820e-fc1d-4f9b-ae18-992e439ce331-attachment.png", "type": "image/png"}], "start": 1642158392922, "stop": 1642158401609, "uuid": "20dbe424-1690-4576-8ca9-f2b896f9527e", "historyId": "8368c625b7549b5aae1b175ac4f9b6b7", "testCaseId": "5dbd17f938ddec44f00779232f69068f", "fullName": "tests.test_homepage.TestHomePage#test_catalog", "labels": [{"name": "severity", "value": "minor"}, {"name": "tag", "value": "@pytest.mark.usefixtures('web_driver_init')"}, {"name": "tag", "value": "runthis"}, {"name": "parentSuite", "value": "tests"}, {"name": "suite", "value": "test_homepage"}, {"name": "subSuite", "value": "TestHomePage"}, {"name": "host", "value": "ArtemKozlov"}, {"name": "thread", "value": "4852-MainThread"}, {"name": "framework", "value": "pytest"}, {"name": "language", "value": "cpython3"}, {"name": "package", "value": "tests.test_homepage"}]}