{"name": "test_search_items[0 results]", "status": "skipped", "statusDetails": {"message": "XFAIL Searching for nonexistent item\n\nAssertionError: There are no items in results found\nassert False\n +  where False = <bound method HomePage.check_results_exists of <pages.homepage.HomePage object at 0x03A8AD48>>()\n +    where <bound method HomePage.check_results_exists of <pages.homepage.HomePage object at 0x03A8AD48>> = <pages.homepage.HomePage object at 0x03A8AD48>.check_results_exists", "trace": "self = <tests.test_homepage.TestHomePage object at 0x03A91850>\ns_text = 'Nothing'\n\n    @allure.severity(allure.severity_level.MINOR)\n    @pytest.mark.parametrize('s_text', ['Blouse', 'Dress',\n                                        pytest.param('Nothing', marks=pytest.mark.xfail(reason='Searching for nonexistent item'))],\n                             ids=['1 result', 'Multiple results', '0 results'])\n    def test_search_items(self, s_text):\n        \"\"\"Verifying the ability to search items\"\"\"\n        search = HomePage(self.driver)\n        search_text = s_text\n        search.search_by_text(search_text)\n        search.click_search_button()\n>       assert search.check_results_exists(), 'There are no items in results found' #TODO: add allure.step on asserts\nE       AssertionError: There are no items in results found\nE       assert False\nE        +  where False = <bound method HomePage.check_results_exists of <pages.homepage.HomePage object at 0x03A8AD48>>()\nE        +    where <bound method HomePage.check_results_exists of <pages.homepage.HomePage object at 0x03A8AD48>> = <pages.homepage.HomePage object at 0x03A8AD48>.check_results_exists\n\ntests\\test_homepage.py:30: AssertionError"}, "description": "Verifying the ability to search items", "steps": [{"name": "Набор заданного текста в поле поиска", "status": "passed", "parameters": [{"name": "text", "value": "'Nothing'"}], "start": 1642074575330, "stop": 1642074575483}, {"name": "Клик по кнопке \"Найти\"", "status": "passed", "start": 1642074575484, "stop": 1642074577282}, {"name": "Проверка: поиск выдал какие-то результаты", "status": "passed", "start": 1642074577282, "stop": 1642074577357}], "parameters": [{"name": "s_text", "value": "'Nothing'"}], "start": 1642074568974, "stop": 1642074577359, "uuid": "7ed49df9-9232-4635-8b1e-2d34dfca4e6c", "historyId": "2c7c12df66ac8db615c79eaedd3218e8", "testCaseId": "b0aa3d276e3963406d5b70985f1a05dc", "fullName": "tests.test_homepage.TestHomePage#test_search_items", "labels": [{"name": "severity", "value": "minor"}, {"name": "tag", "value": "@pytest.mark.usefixtures('web_driver_init')"}, {"name": "tag", "value": "@pytest.mark.xfail(reason='Searching for nonexistent item')"}, {"name": "parentSuite", "value": "tests"}, {"name": "suite", "value": "test_homepage"}, {"name": "subSuite", "value": "TestHomePage"}, {"name": "host", "value": "ArtemKozlov"}, {"name": "thread", "value": "9212-MainThread"}, {"name": "framework", "value": "pytest"}, {"name": "language", "value": "cpython3"}, {"name": "package", "value": "tests.test_homepage"}]}