{"name": "test_search_items[1 result]", "status": "failed", "statusDetails": {"message": "AssertionError: There are no items in results found\nassert False\n +  where False = <bound method HomePage.check_results_exists of <pages.homepage.HomePage object at 0x03B85C10>>()\n +    where <bound method HomePage.check_results_exists of <pages.homepage.HomePage object at 0x03B85C10>> = <pages.homepage.HomePage object at 0x03B85C10>.check_results_exists", "trace": "self = <tests.test_homepage.TestHomePage object at 0x03B85178>\ns_text = 'Blouse'\n\n    @pytest.mark.runthis\n    @allure.severity(allure.severity_level.NORMAL)\n    @allure.story(\"Проверка возможности искать товар через строку поиска\")  # TODO: запустить только один\n    @pytest.mark.parametrize('s_text', ['Blouse', 'Dress',\n                                        pytest.param('Nothing', marks=pytest.mark.xfail(reason='Searching for nonexistent item'))],\n                             ids=['1 result', 'Multiple results', '0 results'])\n    def test_search_items(self, s_text):\n        \"\"\"Verifying the ability to search items\"\"\"\n        search = HomePage(self.driver)\n        search_text = s_text[:][1]\n        search.search_by_text(search_text)\n        search.click_search_button()\n>       assert search.check_results_exists(), 'There are no items in results found'\nE       AssertionError: There are no items in results found\nE       assert False\nE        +  where False = <bound method HomePage.check_results_exists of <pages.homepage.HomePage object at 0x03B85C10>>()\nE        +    where <bound method HomePage.check_results_exists of <pages.homepage.HomePage object at 0x03B85C10>> = <pages.homepage.HomePage object at 0x03B85C10>.check_results_exists\n\ntests\\test_homepage.py:34: AssertionError"}, "description": "Verifying the ability to search items", "steps": [{"name": "Набор заданного текста в поле поиска", "status": "passed", "parameters": [{"name": "text", "value": "'l'"}], "start": 1642493264427, "stop": 1642493264567}, {"name": "Клик по кнопке \"Найти\"", "status": "passed", "start": 1642493264567, "stop": 1642493266112}, {"name": "Проверка: поиск выдал результаты", "status": "passed", "start": 1642493266112, "stop": 1642493266157}], "attachments": [{"name": "Screenshot", "source": "b660fd88-dcca-499c-9ca5-3a7934aeb4e4-attachment.png", "type": "image/png"}, {"name": "stdout", "source": "5a1f3508-6823-465f-b991-b2ebd1352818-attachment.txt", "type": "text/plain"}], "parameters": [{"name": "s_text", "value": "'Blouse'"}], "start": 1642493257622, "stop": 1642493266173, "uuid": "31ffa575-8f12-4dca-86de-e1c982a9fa08", "historyId": "956e7b12ee8e684f4cfee446d0ab4f1d", "testCaseId": "b0aa3d276e3963406d5b70985f1a05dc", "fullName": "tests.test_homepage.TestHomePage#test_search_items", "labels": [{"name": "severity", "value": "normal"}, {"name": "feature", "value": "Тесты при взаимодействии с товарами"}, {"name": "story", "value": "Проверка возможности искать товар через строку поиска"}, {"name": "tag", "value": "runthis"}, {"name": "tag", "value": "@pytest.mark.usefixtures('web_driver_init')"}, {"name": "parentSuite", "value": "tests"}, {"name": "suite", "value": "test_homepage"}, {"name": "subSuite", "value": "TestHomePage"}, {"name": "host", "value": "ArtemKozlov"}, {"name": "thread", "value": "2136-MainThread"}, {"name": "framework", "value": "pytest"}, {"name": "language", "value": "cpython3"}, {"name": "package", "value": "tests.test_homepage"}]}