{"name": "test_search_items[0 results]", "status": "skipped", "statusDetails": {"message": "XFAIL Searching for nonexistent item\n\nAssertionError: There are no items in results found\nassert False\n +  where False = <bound method HomePage.check_results_exists of <pages.homepage.HomePage object at 0x03C000E8>>()\n +    where <bound method HomePage.check_results_exists of <pages.homepage.HomePage object at 0x03C000E8>> = <pages.homepage.HomePage object at 0x03C000E8>.check_results_exists", "trace": "self = <tests.test_homepage.TestHomePage object at 0x03BED9B8>\ns_text = 'Nothing'\n\n    @allure.severity(allure.severity_level.NORMAL)\n    @pytest.mark.parametrize('s_text', ['Blouse', 'Dress',\n                                        pytest.param('Nothing', marks=pytest.mark.xfail(reason='Searching for nonexistent item'))],\n                             ids=['1 result', 'Multiple results', '0 results'])\n    def test_search_items(self, s_text):\n        \"\"\"Verifying the ability to search items\"\"\"\n        search = HomePage(self.driver)\n        search_text = s_text\n        search.search_by_text(search_text)\n        search.click_search_button()\n>       assert search.check_results_exists(), 'There are no items in results found'\nE       AssertionError: There are no items in results found\nE       assert False\nE        +  where False = <bound method HomePage.check_results_exists of <pages.homepage.HomePage object at 0x03C000E8>>()\nE        +    where <bound method HomePage.check_results_exists of <pages.homepage.HomePage object at 0x03C000E8>> = <pages.homepage.HomePage object at 0x03C000E8>.check_results_exists\n\ntests\\test_homepage.py:31: AssertionError"}, "description": "Verifying the ability to search items", "steps": [{"name": "Набор заданного текста в поле поиска", "status": "passed", "parameters": [{"name": "text", "value": "'Nothing'"}], "start": 1642165024421, "stop": 1642165024658}, {"name": "Клик по кнопке \"Найти\"", "status": "passed", "start": 1642165024659, "stop": 1642165031803}, {"name": "Проверка: поиск выдал результаты", "status": "passed", "start": 1642165031803, "stop": 1642165031859}], "parameters": [{"name": "s_text", "value": "'Nothing'"}], "start": 1642165012712, "stop": 1642165031859, "uuid": "a721cbeb-2834-4205-867f-30e8d12cd67f", "historyId": "2c7c12df66ac8db615c79eaedd3218e8", "testCaseId": "b0aa3d276e3963406d5b70985f1a05dc", "fullName": "tests.test_homepage.TestHomePage#test_search_items", "labels": [{"name": "severity", "value": "normal"}, {"name": "tag", "value": "@pytest.mark.usefixtures('web_driver_init')"}, {"name": "tag", "value": "@pytest.mark.xfail(reason='Searching for nonexistent item')"}, {"name": "parentSuite", "value": "tests"}, {"name": "suite", "value": "test_homepage"}, {"name": "subSuite", "value": "TestHomePage"}, {"name": "host", "value": "ArtemKozlov"}, {"name": "thread", "value": "4620-MainThread"}, {"name": "framework", "value": "pytest"}, {"name": "language", "value": "cpython3"}, {"name": "package", "value": "tests.test_homepage"}]}